\BOOKMARK [0][-]{chapter.1}{Introduction}{}% 1
\BOOKMARK [1][-]{section.1.1}{Purpose}{chapter.1}% 2
\BOOKMARK [1][-]{section.1.2}{Scope}{chapter.1}% 3
\BOOKMARK [1][-]{section.1.3}{Definitions, acronyms and abbreviations}{chapter.1}% 4
\BOOKMARK [1][-]{section.1.4}{References}{chapter.1}% 5
\BOOKMARK [1][-]{section.1.5}{Overview}{chapter.1}% 6
\BOOKMARK [0][-]{chapter.2}{Overall description}{}% 7
\BOOKMARK [1][-]{section.2.1}{Product perspective}{chapter.2}% 8
\BOOKMARK [1][-]{section.2.2}{Product functions}{chapter.2}% 9
\BOOKMARK [1][-]{section.2.3}{User characteristics}{chapter.2}% 10
\BOOKMARK [1][-]{section.2.4}{Constraints}{chapter.2}% 11
\BOOKMARK [1][-]{section.2.5}{Assumptions and dependencies}{chapter.2}% 12
\BOOKMARK [0][-]{chapter.3}{Specific requirements}{}% 13
\BOOKMARK [1][-]{section.3.1}{Functional requirements}{chapter.3}% 14
\BOOKMARK [1][-]{section.3.2}{Non-functional requirements}{chapter.3}% 15
\BOOKMARK [0][-]{chapter.4}{System model}{}% 16
\BOOKMARK [1][-]{section.4.1}{Scenarios}{chapter.4}% 17
\BOOKMARK [1][-]{section.4.2}{Use cases and UML diagrams}{chapter.4}% 18
\BOOKMARK [1][-]{section.4.3}{Alloy model}{chapter.4}% 19
\BOOKMARK [0][-]{appendix.A}{Document and work information}{}% 20
\BOOKMARK [1][-]{section.A.1}{Revisions}{appendix.A}% 21
\BOOKMARK [1][-]{section.A.2}{Tools used}{appendix.A}% 22
\BOOKMARK [1][-]{section.A.3}{Overall time spent}{appendix.A}% 23
