This is pdfTeX, Version 3.14159265-2.6-1.40.16 (TeX Live 2015/W32TeX) (preloaded format=pdflatex 2015.10.12)  29 NOV 2015 14:14
entering extended mode
 restricted \write18 enabled.
 %&-line parsing enabled.
**./RASD.tex
(./RASD.tex
LaTeX2e <2015/10/01> patch level 1
Babel <3.9m> and hyphenation patterns for 79 languages loaded.
(f:/Programmi (x86)/texlive/2015/texmf-dist/tex/latex/base/report.cls
Document Class: report 2014/09/29 v1.4h Standard LaTeX document class
(f:/Programmi (x86)/texlive/2015/texmf-dist/tex/latex/base/size10.clo
File: size10.clo 2014/09/29 v1.4h Standard LaTeX file (size option)
)
\c@part=\count79
\c@chapter=\count80
\c@section=\count81
\c@subsection=\count82
\c@subsubsection=\count83
\c@paragraph=\count84
\c@subparagraph=\count85
\c@figure=\count86
\c@table=\count87
\abovecaptionskip=\skip41
\belowcaptionskip=\skip42
\bibindent=\dimen102
)
(f:/Programmi (x86)/texlive/2015/texmf-dist/tex/latex/hyperref/hyperref.sty
Package: hyperref 2012/11/06 v6.83m Hypertext links for LaTeX

(f:/Programmi (x86)/texlive/2015/texmf-dist/tex/generic/oberdiek/hobsub-hyperre
f.sty
Package: hobsub-hyperref 2012/05/28 v1.13 Bundle oberdiek, subset hyperref (HO)


(f:/Programmi (x86)/texlive/2015/texmf-dist/tex/generic/oberdiek/hobsub-generic
.sty
Package: hobsub-generic 2012/05/28 v1.13 Bundle oberdiek, subset generic (HO)
Package: hobsub 2012/05/28 v1.13 Construct package bundles (HO)
Package: infwarerr 2010/04/08 v1.3 Providing info/warning/error messages (HO)
Package: ltxcmds 2011/11/09 v1.22 LaTeX kernel commands for general use (HO)
Package: ifluatex 2010/03/01 v1.3 Provides the ifluatex switch (HO)
Package ifluatex Info: LuaTeX not detected.
Package: ifvtex 2010/03/01 v1.5 Detect VTeX and its facilities (HO)
Package ifvtex Info: VTeX not detected.
Package: intcalc 2007/09/27 v1.1 Expandable calculations with integers (HO)
Package: ifpdf 2011/01/30 v2.3 Provides the ifpdf switch (HO)
Package ifpdf Info: pdfTeX in PDF mode is detected.
Package: etexcmds 2011/02/16 v1.5 Avoid name clashes with e-TeX commands (HO)
Package etexcmds Info: Could not find \expanded.
(etexcmds)             That can mean that you are not using pdfTeX 1.50 or
(etexcmds)             that some package has redefined \expanded.
(etexcmds)             In the latter case, load this package earlier.
Package: kvsetkeys 2012/04/25 v1.16 Key value parser (HO)
Package: kvdefinekeys 2011/04/07 v1.3 Define keys (HO)
Package: pdftexcmds 2011/11/29 v0.20 Utility functions of pdfTeX for LuaTeX (HO
)
Package pdftexcmds Info: LuaTeX not detected.
Package pdftexcmds Info: \pdf@primitive is available.
Package pdftexcmds Info: \pdf@ifprimitive is available.
Package pdftexcmds Info: \pdfdraftmode found.
Package: pdfescape 2011/11/25 v1.13 Implements pdfTeX's escape features (HO)
Package: bigintcalc 2012/04/08 v1.3 Expandable calculations on big integers (HO
)
Package: bitset 2011/01/30 v1.1 Handle bit-vector datatype (HO)
Package: uniquecounter 2011/01/30 v1.2 Provide unlimited unique counter (HO)
)
Package hobsub Info: Skipping package `hobsub' (already loaded).
Package: letltxmacro 2010/09/02 v1.4 Let assignment for LaTeX macros (HO)
Package: hopatch 2012/05/28 v1.2 Wrapper for package hooks (HO)
Package: xcolor-patch 2011/01/30 xcolor patch
Package: atveryend 2011/06/30 v1.8 Hooks at the very end of document (HO)
Package atveryend Info: \enddocument detected (standard20110627).
Package: atbegshi 2011/10/05 v1.16 At begin shipout hook (HO)
Package: refcount 2011/10/16 v3.4 Data extraction from label references (HO)
Package: hycolor 2011/01/30 v1.7 Color options for hyperref/bookmark (HO)
)
(f:/Programmi (x86)/texlive/2015/texmf-dist/tex/latex/graphics/keyval.sty
Package: keyval 2014/10/28 v1.15 key=value parser (DPC)
\KV@toks@=\toks14
)
(f:/Programmi (x86)/texlive/2015/texmf-dist/tex/generic/ifxetex/ifxetex.sty
Package: ifxetex 2010/09/12 v0.6 Provides ifxetex conditional
)
(f:/Programmi (x86)/texlive/2015/texmf-dist/tex/latex/oberdiek/auxhook.sty
Package: auxhook 2011/03/04 v1.3 Hooks for auxiliary files (HO)
)
(f:/Programmi (x86)/texlive/2015/texmf-dist/tex/latex/oberdiek/kvoptions.sty
Package: kvoptions 2011/06/30 v3.11 Key value format for package options (HO)
)
\@linkdim=\dimen103
\Hy@linkcounter=\count88
\Hy@pagecounter=\count89

(f:/Programmi (x86)/texlive/2015/texmf-dist/tex/latex/hyperref/pd1enc.def
File: pd1enc.def 2012/11/06 v6.83m Hyperref: PDFDocEncoding definition (HO)
)
\Hy@SavedSpaceFactor=\count90

(f:/Programmi (x86)/texlive/2015/texmf-dist/tex/latex/latexconfig/hyperref.cfg
File: hyperref.cfg 2002/06/06 v1.2 hyperref configuration of TeXLive
)
Package hyperref Info: Hyper figures OFF on input line 4443.
Package hyperref Info: Link nesting OFF on input line 4448.
Package hyperref Info: Hyper index ON on input line 4451.
Package hyperref Info: Plain pages OFF on input line 4458.
Package hyperref Info: Backreferencing OFF on input line 4463.
Package hyperref Info: Implicit mode ON; LaTeX internals redefined.
Package hyperref Info: Bookmarks ON on input line 4688.
\c@Hy@tempcnt=\count91
(f:/Programmi (x86)/texlive/2015/texmf-dist/tex/latex/url/url.sty
\Urlmuskip=\muskip10
Package: url 2013/09/16  ver 3.4  Verb mode for urls, etc.
)
LaTeX Info: Redefining \url on input line 5041.
\XeTeXLinkMargin=\dimen104
\Fld@menulength=\count92
\Field@Width=\dimen105
\Fld@charsize=\dimen106
Package hyperref Info: Hyper figures OFF on input line 6295.
Package hyperref Info: Link nesting OFF on input line 6300.
Package hyperref Info: Hyper index ON on input line 6303.
Package hyperref Info: backreferencing OFF on input line 6310.
Package hyperref Info: Link coloring OFF on input line 6315.
Package hyperref Info: Link coloring with OCG OFF on input line 6320.
Package hyperref Info: PDF/A mode OFF on input line 6325.
LaTeX Info: Redefining \ref on input line 6365.
LaTeX Info: Redefining \pageref on input line 6369.
\Hy@abspage=\count93
\c@Item=\count94
\c@Hfootnote=\count95
)

Package hyperref Message: Driver (autodetected): hpdftex.

(f:/Programmi (x86)/texlive/2015/texmf-dist/tex/latex/hyperref/hpdftex.def
File: hpdftex.def 2012/11/06 v6.83m Hyperref driver for pdfTeX
\Fld@listcount=\count96
\c@bookmark@seq@number=\count97

(f:/Programmi (x86)/texlive/2015/texmf-dist/tex/latex/oberdiek/rerunfilecheck.s
ty
Package: rerunfilecheck 2011/04/15 v1.7 Rerun checks for auxiliary files (HO)
Package uniquecounter Info: New unique counter `rerunfilecheck' on input line 2
82.
)
\Hy@SectionHShift=\skip43
) (f:/Programmi (x86)/texlive/2015/texmf-dist/tex/latex/xcolor/xcolor.sty
Package: xcolor 2007/01/21 v2.11 LaTeX color extensions (UK)

(f:/Programmi (x86)/texlive/2015/texmf-dist/tex/latex/latexconfig/color.cfg
File: color.cfg 2007/01/18 v1.5 color configuration of teTeX/TeXLive
)
Package xcolor Info: Driver file: pdftex.def on input line 225.

(f:/Programmi (x86)/texlive/2015/texmf-dist/tex/latex/pdftex-def/pdftex.def
File: pdftex.def 2011/05/27 v0.06d Graphics/color for pdfTeX
\Gread@gobject=\count98
)
Package xcolor Info: Model `cmy' substituted by `cmy0' on input line 1337.
Package xcolor Info: Model `hsb' substituted by `rgb' on input line 1341.
Package xcolor Info: Model `RGB' extended on input line 1353.
Package xcolor Info: Model `HTML' substituted by `rgb' on input line 1355.
Package xcolor Info: Model `Hsb' substituted by `hsb' on input line 1356.
Package xcolor Info: Model `tHsb' substituted by `hsb' on input line 1357.
Package xcolor Info: Model `HSB' substituted by `hsb' on input line 1358.
Package xcolor Info: Model `Gray' substituted by `gray' on input line 1359.
Package xcolor Info: Model `wave' substituted by `hsb' on input line 1360.

(f:/Programmi (x86)/texlive/2015/texmf-dist/tex/latex/graphics/dvipsnam.def
File: dvipsnam.def 2014/10/14 v3.0j Driver-dependent file (DPC,SPQR)
))
(f:/Programmi (x86)/texlive/2015/texmf-dist/tex/latex/listings/listings.sty
\lst@mode=\count99
\lst@gtempboxa=\box26
\lst@token=\toks15
\lst@length=\count100
\lst@currlwidth=\dimen107
\lst@column=\count101
\lst@pos=\count102
\lst@lostspace=\dimen108
\lst@width=\dimen109
\lst@newlines=\count103
\lst@lineno=\count104
\lst@maxwidth=\dimen110

(f:/Programmi (x86)/texlive/2015/texmf-dist/tex/latex/listings/lstmisc.sty
File: lstmisc.sty 2015/06/04 1.6 (Carsten Heinz)
\c@lstnumber=\count105
\lst@skipnumbers=\count106
\lst@framebox=\box27
)
(f:/Programmi (x86)/texlive/2015/texmf-dist/tex/latex/listings/listings.cfg
File: listings.cfg 2015/06/04 1.6 listings configuration
))
Package: listings 2015/06/04 1.6 (Carsten Heinz)

(f:/Programmi (x86)/texlive/2015/texmf-dist/tex/latex/booktabs/booktabs.sty
Package: booktabs 2005/04/14 v1.61803 publication quality tables
\heavyrulewidth=\dimen111
\lightrulewidth=\dimen112
\cmidrulewidth=\dimen113
\belowrulesep=\dimen114
\belowbottomsep=\dimen115
\aboverulesep=\dimen116
\abovetopsep=\dimen117
\cmidrulesep=\dimen118
\cmidrulekern=\dimen119
\defaultaddspace=\dimen120
\@cmidla=\count107
\@cmidlb=\count108
\@aboverulesep=\dimen121
\@belowrulesep=\dimen122
\@thisruleclass=\count109
\@lastruleclass=\count110
\@thisrulewidth=\dimen123
)
(f:/Programmi (x86)/texlive/2015/texmf-dist/tex/latex/caption/caption.sty
Package: caption 2015/09/17 v3.3-111 Customizing captions (AR)

(f:/Programmi (x86)/texlive/2015/texmf-dist/tex/latex/caption/caption3.sty
Package: caption3 2015/09/20 v1.7-115 caption3 kernel (AR)
Package caption3 Info: TeX engine: e-TeX on input line 57.
\captionmargin=\dimen124
\captionmargin@=\dimen125
\captionwidth=\dimen126
\caption@tempdima=\dimen127
\caption@indent=\dimen128
\caption@parindent=\dimen129
\caption@hangindent=\dimen130
)
\c@ContinuedFloat=\count111
Package caption Info: hyperref package is loaded.
Package caption Info: listings package is loaded.
)
(f:/Programmi (x86)/texlive/2015/texmf-dist/tex/latex/graphics/graphicx.sty
Package: graphicx 2014/10/28 v1.0g Enhanced LaTeX Graphics (DPC,SPQR)

(f:/Programmi (x86)/texlive/2015/texmf-dist/tex/latex/graphics/graphics.sty
Package: graphics 2014/10/28 v1.0p Standard LaTeX Graphics (DPC,SPQR)

(f:/Programmi (x86)/texlive/2015/texmf-dist/tex/latex/graphics/trig.sty
Package: trig 1999/03/16 v1.09 sin cos tan (DPC)
)
(f:/Programmi (x86)/texlive/2015/texmf-dist/tex/latex/latexconfig/graphics.cfg
File: graphics.cfg 2010/04/23 v1.9 graphics configuration of TeX Live
)
Package graphics Info: Driver file: pdftex.def on input line 94.
)
\Gin@req@height=\dimen131
\Gin@req@width=\dimen132
) (f:/Programmi (x86)/texlive/2015/texmf-dist/tex/latex/listings/lstlang1.sty
File: lstlang1.sty 2015/06/04 1.6 listings language file
) (./RASD.aux)
\openout1 = `RASD.aux'.

LaTeX Font Info:    Checking defaults for OML/cmm/m/it on input line 68.
LaTeX Font Info:    ... okay on input line 68.
LaTeX Font Info:    Checking defaults for T1/cmr/m/n on input line 68.
LaTeX Font Info:    ... okay on input line 68.
LaTeX Font Info:    Checking defaults for OT1/cmr/m/n on input line 68.
LaTeX Font Info:    ... okay on input line 68.
LaTeX Font Info:    Checking defaults for OMS/cmsy/m/n on input line 68.
LaTeX Font Info:    ... okay on input line 68.
LaTeX Font Info:    Checking defaults for OMX/cmex/m/n on input line 68.
LaTeX Font Info:    ... okay on input line 68.
LaTeX Font Info:    Checking defaults for U/cmr/m/n on input line 68.
LaTeX Font Info:    ... okay on input line 68.
LaTeX Font Info:    Checking defaults for PD1/pdf/m/n on input line 68.
LaTeX Font Info:    ... okay on input line 68.
\AtBeginShipoutBox=\box28
Package hyperref Info: Link coloring OFF on input line 68.

(f:/Programmi (x86)/texlive/2015/texmf-dist/tex/latex/hyperref/nameref.sty
Package: nameref 2012/10/27 v2.43 Cross-referencing by name of section

(f:/Programmi (x86)/texlive/2015/texmf-dist/tex/generic/oberdiek/gettitlestring
.sty
Package: gettitlestring 2010/12/03 v1.4 Cleanup title references (HO)
)
\c@section@level=\count112
)
LaTeX Info: Redefining \ref on input line 68.
LaTeX Info: Redefining \pageref on input line 68.
LaTeX Info: Redefining \nameref on input line 68.
 (./RASD.out) (./RASD.out)
\@outlinefile=\write3
\openout3 = `RASD.out'.


(f:/Programmi (x86)/texlive/2015/texmf-dist/tex/context/base/supp-pdf.mkii
[Loading MPS to PDF converter (version 2006.09.02).]
\scratchcounter=\count113
\scratchdimen=\dimen133
\scratchbox=\box29
\nofMPsegments=\count114
\nofMParguments=\count115
\everyMPshowfont=\toks16
\MPscratchCnt=\count116
\MPscratchDim=\dimen134
\MPnumerator=\count117
\makeMPintoPDFobject=\count118
\everyMPtoPDFconversion=\toks17
)
\c@lstlisting=\count119
Package caption Info: Begin \AtBeginDocument code.
Package caption Info: End \AtBeginDocument code.

(f:/Programmi (x86)/texlive/2015/texmf-dist/tex/latex/oberdiek/epstopdf-base.st
y
Package: epstopdf-base 2010/02/09 v2.5 Base part for package epstopdf
 (f:/Programmi (x86)/texlive/2015/texmf-dist/tex/latex/oberdiek/grfext.sty
Package: grfext 2010/08/19 v1.1 Manage graphics extensions (HO)
)
Package grfext Info: Graphics extension search list:
(grfext)             [.png,.pdf,.jpg,.mps,.jpeg,.jbig2,.jb2,.PNG,.PDF,.JPG,.JPE
G,.JBIG2,.JB2,.eps]
(grfext)             \AppendGraphicsExtensions on input line 452.

(f:/Programmi (x86)/texlive/2015/texmf-dist/tex/latex/latexconfig/epstopdf-sys.
cfg
File: epstopdf-sys.cfg 2010/07/13 v1.3 Configuration of (r)epstopdf for TeX Liv
e
))
LaTeX Font Info:    External font `cmex10' loaded for size
(Font)              <12> on input line 75.
LaTeX Font Info:    External font `cmex10' loaded for size
(Font)              <8> on input line 75.
LaTeX Font Info:    External font `cmex10' loaded for size
(Font)              <6> on input line 75.
 [1

{f:/Programmi (x86)/texlive/2015/texmf-var/fonts/map/pdftex/updmap/pdftex.map}]
 (./RASD.toc
LaTeX Font Info:    External font `cmex10' loaded for size
(Font)              <7> on input line 2.
LaTeX Font Info:    External font `cmex10' loaded for size
(Font)              <5> on input line 2.
)
\tf@toc=\write4
\openout4 = `RASD.toc'.

 (./tex-parts/RASD-p1.texpdfTeX warning (ext4): destination with the same ident
ifier (name{page.1}) has been already used, duplicate ignored
<to be read again> 
                   \relax 
l.1 \chapter
            {Introduction} [1

]
Chapter 1.
LaTeX Font Info:    Try loading font information for OMS+cmr on input line 18.
(f:/Programmi (x86)/texlive/2015/texmf-dist/tex/latex/base/omscmr.fd
File: omscmr.fd 2014/09/29 v2.5h Standard LaTeX font definitions
)
LaTeX Font Info:    Font shape `OMS/cmr/m/n' in size <10> not available
(Font)              Font shape `OMS/cmsy/m/n' tried instead on input line 18.
 [2

])
(./tex-parts/RASD-p2.tex [3]
Chapter 2.
[4

] [5]) (./tex-parts/RASD-p3.tex [6]
Chapter 3.

Overfull \hbox (10.84781pt too wide) in paragraph at lines 25--26
[]\OT1/cmr/m/n/10 The sys-tem must pro-vide a func-tion which shows reser-va-ti
on his-tory (Goal 6); 
 []

[7

]
Overfull \hbox (0.82002pt too wide) in paragraph at lines 33--34
[]\OT1/cmr/m/n/10 The sys-tem must no-tify pas-sen-ger if his reser-va-tion can
-not be met (Goal 9); 
 []


Overfull \hbox (21.37563pt too wide) in paragraph at lines 45--46
[]\OT1/cmr/m/n/10 The sys-tem must no-tify taxi drivers of an in-com-ing re-que
st for ser-vice (Goal 13); 
 []

[8]) (./tex-parts/RASD-p4.tex [9]
Chapter 4.
[10

] <tex-images/usecase-passenger.pdf, id=238, 813.0375pt x 341.275pt>
File: tex-images/usecase-passenger.pdf Graphic file (type pdf)

<use tex-images/usecase-passenger.pdf>
Package pdftex.def Info: tex-images/usecase-passenger.pdf used on input line 32
.
(pdftex.def)             Requested size: 345.0pt x 144.81342pt.

<tex-images/usecase-driver.pdf, id=239, 752.8125pt x 401.5pt>
File: tex-images/usecase-driver.pdf Graphic file (type pdf)

<use tex-images/usecase-driver.pdf>
Package pdftex.def Info: tex-images/usecase-driver.pdf used on input line 38.
(pdftex.def)             Requested size: 345.0pt x 184.00607pt.

Overfull \hbox (38.91173pt too wide) in paragraph at lines 45--73
 [] 
 []

<tex-images/sequence-signup.pdf, id=240, 592.2125pt x 752.8125pt>
File: tex-images/sequence-signup.pdf Graphic file (type pdf)

<use tex-images/sequence-signup.pdf>
Package pdftex.def Info: tex-images/sequence-signup.pdf used on input line 79.
(pdftex.def)             Requested size: 345.0pt x 438.57285pt.

Overfull \hbox (38.91173pt too wide) in paragraph at lines 87--114
 [] 
 []

<tex-images/sequence-login.pdf, id=241, 592.2125pt x 652.4375pt>
File: tex-images/sequence-login.pdf Graphic file (type pdf)

<use tex-images/sequence-login.pdf>
Package pdftex.def Info: tex-images/sequence-login.pdf used on input line 120.
(pdftex.def)             Requested size: 345.0pt x 380.09647pt.

Overfull \hbox (38.91173pt too wide) in paragraph at lines 127--157
 [] 
 []

<tex-images/sequence-rfs.pdf, id=242, 612.2875pt x 682.55pt>
File: tex-images/sequence-rfs.pdf Graphic file (type pdf)

<use tex-images/sequence-rfs.pdf>
Package pdftex.def Info: tex-images/sequence-rfs.pdf used on input line 163.
(pdftex.def)             Requested size: 345.0pt x 384.58957pt.

Overfull \hbox (38.91173pt too wide) in paragraph at lines 171--199
 [] 
 []

<tex-images/sequence-new-reservation.pdf, id=243, 632.3625pt x 752.8125pt>
File: tex-images/sequence-new-reservation.pdf Graphic file (type pdf)

<use tex-images/sequence-new-reservation.pdf>
Package pdftex.def Info: tex-images/sequence-new-reservation.pdf used on input 
line 205.
(pdftex.def)             Requested size: 345.0pt x 410.71692pt.

Overfull \hbox (38.91173pt too wide) in paragraph at lines 213--247
 [] 
 []


LaTeX Warning: Float too large for page by 34.67632pt on input line 249.


<tex-images/sequence-modify-reservation.pdf, id=244, 632.3625pt x 1013.7875pt>
File: tex-images/sequence-modify-reservation.pdf Graphic file (type pdf)

<use tex-images/sequence-modify-reservation.pdf>
Package pdftex.def Info: tex-images/sequence-modify-reservation.pdf used on inp
ut line 253.
(pdftex.def)             Requested size: 345.0pt x 553.09882pt.

Overfull \hbox (38.91173pt too wide) in paragraph at lines 261--289
 [] 
 []

<tex-images/sequence-delete-reservation.pdf, id=245, 381.425pt x 652.4375pt>
File: tex-images/sequence-delete-reservation.pdf Graphic file (type pdf)

<use tex-images/sequence-delete-reservation.pdf>
Package pdftex.def Info: tex-images/sequence-delete-reservation.pdf used on inp
ut line 295.
(pdftex.def)             Requested size: 345.0pt x 590.15503pt.


LaTeX Warning: Float too large for page by 14.15503pt on input line 297.


Overfull \hbox (38.91173pt too wide) in paragraph at lines 304--328
 [] 
 []

[11 <./tex-images/usecase-passenger.pdf>] [12] [13] [14] [15] [16] [17]
[18 <./tex-images/usecase-driver.pdf>] [19 <./tex-images/sequence-signup.pdf>]
[20 <./tex-images/sequence-login.pdf>] [21 <./tex-images/sequence-rfs.pdf>]
[22 <./tex-images/sequence-new-reservation.pdf>] [23 <./tex-images/sequence-mod
ify-reservation.pdf>] [24 <./tex-images/sequence-delete-reservation.pdf>]
<tex-images/sequence-move-taxi.pdf, id=358, 521.95pt x 461.725pt>
File: tex-images/sequence-move-taxi.pdf Graphic file (type pdf)

<use tex-images/sequence-move-taxi.pdf>
Package pdftex.def Info: tex-images/sequence-move-taxi.pdf used on input line 3
35.
(pdftex.def)             Requested size: 345.0pt x 305.19739pt.

<tex-images/class-diagram.pdf, id=359, 923.45pt x 632.3625pt>
File: tex-images/class-diagram.pdf Graphic file (type pdf)

<use tex-images/class-diagram.pdf>
Package pdftex.def Info: tex-images/class-diagram.pdf used on input line 344.
(pdftex.def)             Requested size: 345.0pt x 236.24763pt.

<tex-images/alloy-world.pdf, id=360, 1279.78125pt x 1656.1875pt>
File: tex-images/alloy-world.pdf Graphic file (type pdf)

<use tex-images/alloy-world.pdf>
Package pdftex.def Info: tex-images/alloy-world.pdf used on input line 356.
(pdftex.def)             Requested size: 598.0pt x 773.88467pt.

Overfull \hbox (428.88467pt too wide) in paragraph at lines 356--357
 [][] 
 []


LaTeX Warning: Float too large for page by 22.0pt on input line 358.

Package hyperref Info: bookmark level for unknown lstlisting defaults to 0 on i
nput line 360.
(./alloy/Alloymodel.als
LaTeX Font Info:    Font shape `OT1/cmtt/bx/n' in size <10> not available
(Font)              Font shape `OT1/cmtt/m/n' tried instead on input line 4.
 [25

 <./tex-images/sequence-move-taxi.pdf>] [26 <./tex-images/class-diagram.pdf>] [
27 <./tex-images/alloy-world.pdf>] [28] [29]))
(./tex-parts/RASD-p5.tex [30]
Appendix A.
)
Package atveryend Info: Empty hook `BeforeClearDocument' on input line 85.
 [31

]
Package atveryend Info: Empty hook `AfterLastShipout' on input line 85.
 (./RASD.aux)
Package atveryend Info: Executing hook `AtVeryEndDocument' on input line 85.
Package atveryend Info: Executing hook `AtEndAfterFileList' on input line 85.
Package rerunfilecheck Info: File `RASD.out' has not changed.
(rerunfilecheck)             Checksum: B936E744DDBF90FB3D9A94F755443696;1411.
Package atveryend Info: Empty hook `AtVeryVeryEnd' on input line 85.
 ) 
Here is how much of TeX's memory you used:
 8345 strings out of 493054
 126808 string characters out of 6131166
 356800 words of memory out of 5000000
 11516 multiletter control sequences out of 15000+600000
 9922 words of font info for 35 fonts, out of 8000000 for 9000
 1141 hyphenation exceptions out of 8191
 36i,11n,40p,995b,1797s stack positions out of 5000i,500n,10000p,200000b,80000s
<f:/Programmi (x86)/texlive/2015/texmf-dist/fonts/type1/public/amsfonts/cm/cm
bx10.pfb><f:/Programmi (x86)/texlive/2015/texmf-dist/fonts/type1/public/amsfont
s/cm/cmbx12.pfb><f:/Programmi (x86)/texlive/2015/texmf-dist/fonts/type1/public/
amsfonts/cm/cmcsc10.pfb><f:/Programmi (x86)/texlive/2015/texmf-dist/fonts/type1
/public/amsfonts/cm/cmr10.pfb><f:/Programmi (x86)/texlive/2015/texmf-dist/fonts
/type1/public/amsfonts/cm/cmr12.pfb><f:/Programmi (x86)/texlive/2015/texmf-dist
/fonts/type1/public/amsfonts/cm/cmr17.pfb><f:/Programmi (x86)/texlive/2015/texm
f-dist/fonts/type1/public/amsfonts/cm/cmr5.pfb><f:/Programmi (x86)/texlive/2015
/texmf-dist/fonts/type1/public/amsfonts/cm/cmr7.pfb><f:/Programmi (x86)/texlive
/2015/texmf-dist/fonts/type1/public/amsfonts/cm/cmsy10.pfb><f:/Programmi (x86)/
texlive/2015/texmf-dist/fonts/type1/public/amsfonts/cm/cmti10.pfb><f:/Programmi
 (x86)/texlive/2015/texmf-dist/fonts/type1/public/amsfonts/cm/cmtt10.pfb>
Output written on RASD.pdf (32 pages, 249163 bytes).
PDF statistics:
 632 PDF objects out of 1000 (max. 8388607)
 570 compressed objects within 6 object streams
 267 named destinations out of 1000 (max. 500000)
 240 words of extra memory for PDF output out of 10000 (max. 10000000)

